<?xml version="1.0" encoding="UTF-8"?>
<!-- Generated by org.testng.reporters.JUnitReportReporter -->
<testsuite hostname="DESKTOP-TUHGED1" failures="0" tests="2" name="pack1.HomePage" time="41.495" errors="0" timestamp="2021-08-29T21:42:29 IST" skipped="0">
  <testcase classname="pack1.HomePage" name="basepageNavigation" time="21.394"/>
  <system-out/>
  <testcase classname="pack1.HomePage" name="basepageNavigation" time="20.101"/>
  <system-out/>
</testsuite> <!-- pack1.HomePage -->
