<?xml version="1.0" encoding="UTF-8"?>
<!-- Generated by org.testng.reporters.JUnitReportReporter -->
<testsuite hostname="DESKTOP-TUHGED1" failures="0" tests="1" name="E2E.E2EProject.ValidateNavigationBar" time="3.475" errors="0" timestamp="2021-08-31T11:44:14 IST" skipped="0">
  <testcase classname="E2E.E2EProject.ValidateNavigationBar" name="basepageNavigation" time="3.475"/>
  <system-out/>
</testsuite> <!-- E2E.E2EProject.ValidateNavigationBar -->
