<?xml version="1.0" encoding="UTF-8"?>
<!-- Generated by org.testng.reporters.JUnitReportReporter -->
<testsuite hostname="DESKTOP-TUHGED1" failures="0" tests="2" name="E2E.E2EProject.HomePage" time="13.253" errors="0" timestamp="2021-09-11T17:58:16 IST" skipped="0">
  <testcase classname="E2E.E2EProject.HomePage" name="basepageNavigation" time="6.785"/>
  <system-out/>
  <testcase classname="E2E.E2EProject.HomePage" name="basepageNavigation" time="6.468"/>
  <system-out/>
</testsuite> <!-- E2E.E2EProject.HomePage -->
