<?xml version="1.0" encoding="UTF-8"?>
<!-- Generated by org.testng.reporters.JUnitReportReporter -->
<testsuite skipped="0" hostname="DESKTOP-TUHGED1" name="E2E.E2EProject.ValidateNavigationBar" tests="1" failures="0" timestamp="2021-09-12T19:08:03 IST" time="0.346" errors="0">
  <testcase name="basepageNavigation" time="0.346" classname="E2E.E2EProject.ValidateNavigationBar"/>
  <system-out/>
</testsuite> <!-- E2E.E2EProject.ValidateNavigationBar -->
