<?xml version="1.0" encoding="UTF-8"?>
<!-- Generated by org.testng.reporters.JUnitReportReporter -->
<testsuite skipped="0" hostname="DESKTOP-TUHGED1" name="E2E.E2EProject.HomePage" tests="2" failures="0" timestamp="2021-09-12T19:08:03 IST" time="25.493" errors="0">
  <testcase name="basepageNavigation" time="12.480" classname="E2E.E2EProject.HomePage"/>
  <system-out/>
  <testcase name="basepageNavigation" time="13.013" classname="E2E.E2EProject.HomePage"/>
  <system-out/>
</testsuite> <!-- E2E.E2EProject.HomePage -->
